<?xml version="1.0" encoding="UTF-8"?>
<!-- Generated by org.testng.reporters.JUnitXMLReporter -->
<testsuite ignored="0" hostname="TRD-LAP-037" failures="1" tests="1" name="Test2" time="14.013" errors="0" timestamp="2024-05-24T15:51:46 IST">
  <testcase classname="qa.tests.Testcase1" name="sampleMethodForEnteringCredentials" time="4.933">
    <failure type="java.lang.AssertionError" message="Element not found expected [true] but found [false]">
      <![CDATA[java.lang.AssertionError: Element not found expected [true] but found [false]
at pageEvents.LoginPageEvents.verifyIfLoginPageisloaded(LoginPageEvents.java:13)
at qa.tests.Testcase1.sampleMethodForEnteringCredentials(Testcase1.java:23)
at java.base/java.util.ArrayList.forEach(ArrayList.java:1596)
... Removed 28 stack frames]]>
    </failure>
  </testcase> <!-- sampleMethodForEnteringCredentials -->
</testsuite> <!-- Test2 -->
